Arguments: 
  C:\Program Files\nodejs\node.exe C:\Users\M1083189\AppData\Roaming\npm\node_modules\yarn\bin\yarn.js add @material-ui/core@next

PATH: 
  C:\windows\system32;C:\windows;C:\windows\System32\Wbem;C:\windows\System32\WindowsPowerShell\v1.0\;C:\windows\System32\OpenSSH\;C:\Program Files\nodejs\;C:\Users\M1083189\AppData\Local\Microsoft\WindowsApps;;C:\Users\M1083189\AppData\Local\Programs\Microsoft VS Code\bin;C:\Users\M1083189\AppData\Roaming\npm

Yarn version: 
  1.22.18

Node version: 
  16.14.0

Platform: 
  win32 x64

Trace: 
  Error: EPERM: operation not permitted, unlink 'C:\Users\M1083189\Downloads\App-Main-UI\App-main\node_modules\bufferutil\prebuilds\win32-x64\node.napi.node'

npm manifest: 
  {
    "name": "pharma-main",
    "version": "0.1.0",
    "private": true,
    "dependencies": {
      "@testing-library/jest-dom": "^5.16.2",
      "@testing-library/react": "^12.1.4",
      "@testing-library/user-event": "^13.5.0",
      "axios": "^0.26.1",
      "jquery": "^3.6.0",
      "react": "^17.0.2",
      "react-dom": "^17.0.2",
      "react-router-dom": "^5.2.0",
      "react-scripts": "^4.0.3",
      "web-vitals": "^2.1.4",
      "bootstrap": "^5.1.3",
      "react-bootstrap": "^2.4.0",
      "web3": "^1.7.1"
    },
    "scripts": {
      "start": "react-scripts start",
      "build": "react-scripts build",
      "test": "react-scripts test",
      "eject": "react-scripts eject"
    },
    "eslintConfig": {
      "extends": [
        "react-app",
        "react-app/jest"
      ]
    },
    "browserslist": {
      "production": [
        ">0.2%",
        "not dead",
        "not op_mini all"
      ],
      "development": [
        "last 1 chrome version",
        "last 1 firefox version",
        "last 1 safari version"
      ]
    },
    "devDependencies": {
      "react-error-overlay": "6.0.9"
    }
  }

yarn manifest: 
  No manifest

Lockfile: 
  No lockfile
